  main.cpp
f:\microsoft directx sdk (june 2010)\include\dxgitype.h(12): warning C4005: “DXGI_STATUS_OCCLUDED”: 宏重定义
          c:\program files (x86)\windows kits\8.1\include\shared\winerror.h(50092) : 参见“DXGI_STATUS_OCCLUDED”的前一个定义
f:\microsoft directx sdk (june 2010)\include\dxgitype.h(13): warning C4005: “DXGI_STATUS_CLIPPED”: 宏重定义
          c:\program files (x86)\windows kits\8.1\include\shared\winerror.h(50101) : 参见“DXGI_STATUS_CLIPPED”的前一个定义
f:\microsoft directx sdk (june 2010)\include\dxgitype.h(14): warning C4005: “DXGI_STATUS_NO_REDIRECTION”: 宏重定义
          c:\program files (x86)\windows kits\8.1\include\shared\winerror.h(50110) : 参见“DXGI_STATUS_NO_REDIRECTION”的前一个定义
f:\microsoft directx sdk (june 2010)\include\dxgitype.h(15): warning C4005: “DXGI_STATUS_NO_DESKTOP_ACCESS”: 宏重定义
          c:\program files (x86)\windows kits\8.1\include\shared\winerror.h(50119) : 参见“DXGI_STATUS_NO_DESKTOP_ACCESS”的前一个定义
f:\microsoft directx sdk (june 2010)\include\dxgitype.h(16): warning C4005: “DXGI_STATUS_GRAPHICS_VIDPN_SOURCE_IN_USE”: 宏重定义
          c:\program files (x86)\windows kits\8.1\include\shared\winerror.h(50128) : 参见“DXGI_STATUS_GRAPHICS_VIDPN_SOURCE_IN_USE”的前一个定义
f:\microsoft directx sdk (june 2010)\include\dxgitype.h(17): warning C4005: “DXGI_STATUS_MODE_CHANGED”: 宏重定义
          c:\program files (x86)\windows kits\8.1\include\shared\winerror.h(50137) : 参见“DXGI_STATUS_MODE_CHANGED”的前一个定义
f:\microsoft directx sdk (june 2010)\include\dxgitype.h(18): warning C4005: “DXGI_STATUS_MODE_CHANGE_IN_PROGRESS”: 宏重定义
          c:\program files (x86)\windows kits\8.1\include\shared\winerror.h(50146) : 参见“DXGI_STATUS_MODE_CHANGE_IN_PROGRESS”的前一个定义
f:\microsoft directx sdk (june 2010)\include\dxgitype.h(21): warning C4005: “DXGI_ERROR_INVALID_CALL”: 宏重定义
          c:\program files (x86)\windows kits\8.1\include\shared\winerror.h(50161) : 参见“DXGI_ERROR_INVALID_CALL”的前一个定义
f:\microsoft directx sdk (june 2010)\include\dxgitype.h(22): warning C4005: “DXGI_ERROR_NOT_FOUND”: 宏重定义
          c:\program files (x86)\windows kits\8.1\include\shared\winerror.h(50170) : 参见“DXGI_ERROR_NOT_FOUND”的前一个定义
f:\microsoft directx sdk (june 2010)\include\dxgitype.h(23): warning C4005: “DXGI_ERROR_MORE_DATA”: 宏重定义
          c:\program files (x86)\windows kits\8.1\include\shared\winerror.h(50179) : 参见“DXGI_ERROR_MORE_DATA”的前一个定义
f:\microsoft directx sdk (june 2010)\include\dxgitype.h(24): warning C4005: “DXGI_ERROR_UNSUPPORTED”: 宏重定义
          c:\program files (x86)\windows kits\8.1\include\shared\winerror.h(50188) : 参见“DXGI_ERROR_UNSUPPORTED”的前一个定义
f:\microsoft directx sdk (june 2010)\include\dxgitype.h(25): warning C4005: “DXGI_ERROR_DEVICE_REMOVED”: 宏重定义
          c:\program files (x86)\windows kits\8.1\include\shared\winerror.h(50197) : 参见“DXGI_ERROR_DEVICE_REMOVED”的前一个定义
f:\microsoft directx sdk (june 2010)\include\dxgitype.h(26): warning C4005: “DXGI_ERROR_DEVICE_HUNG”: 宏重定义
          c:\program files (x86)\windows kits\8.1\include\shared\winerror.h(50206) : 参见“DXGI_ERROR_DEVICE_HUNG”的前一个定义
f:\microsoft directx sdk (june 2010)\include\dxgitype.h(27): warning C4005: “DXGI_ERROR_DEVICE_RESET”: 宏重定义
          c:\program files (x86)\windows kits\8.1\include\shared\winerror.h(50216) : 参见“DXGI_ERROR_DEVICE_RESET”的前一个定义
f:\microsoft directx sdk (june 2010)\include\dxgitype.h(28): warning C4005: “DXGI_ERROR_WAS_STILL_DRAWING”: 宏重定义
          c:\program files (x86)\windows kits\8.1\include\shared\winerror.h(50225) : 参见“DXGI_ERROR_WAS_STILL_DRAWING”的前一个定义
f:\microsoft directx sdk (june 2010)\include\dxgitype.h(29): warning C4005: “DXGI_ERROR_FRAME_STATISTICS_DISJOINT”: 宏重定义
          c:\program files (x86)\windows kits\8.1\include\shared\winerror.h(50235) : 参见“DXGI_ERROR_FRAME_STATISTICS_DISJOINT”的前一个定义
f:\microsoft directx sdk (june 2010)\include\dxgitype.h(30): warning C4005: “DXGI_ERROR_GRAPHICS_VIDPN_SOURCE_IN_USE”: 宏重定义
          c:\program files (x86)\windows kits\8.1\include\shared\winerror.h(50244) : 参见“DXGI_ERROR_GRAPHICS_VIDPN_SOURCE_IN_USE”的前一个定义
f:\microsoft directx sdk (june 2010)\include\dxgitype.h(31): warning C4005: “DXGI_ERROR_DRIVER_INTERNAL_ERROR”: 宏重定义
          c:\program files (x86)\windows kits\8.1\include\shared\winerror.h(50254) : 参见“DXGI_ERROR_DRIVER_INTERNAL_ERROR”的前一个定义
f:\microsoft directx sdk (june 2010)\include\dxgitype.h(32): warning C4005: “DXGI_ERROR_NONEXCLUSIVE”: 宏重定义
          c:\program files (x86)\windows kits\8.1\include\shared\winerror.h(50263) : 参见“DXGI_ERROR_NONEXCLUSIVE”的前一个定义
f:\microsoft directx sdk (june 2010)\include\dxgitype.h(33): warning C4005: “DXGI_ERROR_NOT_CURRENTLY_AVAILABLE”: 宏重定义
          c:\program files (x86)\windows kits\8.1\include\shared\winerror.h(50272) : 参见“DXGI_ERROR_NOT_CURRENTLY_AVAILABLE”的前一个定义
f:\microsoft directx sdk (june 2010)\include\dxgitype.h(34): warning C4005: “DXGI_ERROR_REMOTE_CLIENT_DISCONNECTED”: 宏重定义
          c:\program files (x86)\windows kits\8.1\include\shared\winerror.h(50282) : 参见“DXGI_ERROR_REMOTE_CLIENT_DISCONNECTED”的前一个定义
f:\microsoft directx sdk (june 2010)\include\dxgitype.h(35): warning C4005: “DXGI_ERROR_REMOTE_OUTOFMEMORY”: 宏重定义
          c:\program files (x86)\windows kits\8.1\include\shared\winerror.h(50291) : 参见“DXGI_ERROR_REMOTE_OUTOFMEMORY”的前一个定义
f:\microsoft directx sdk (june 2010)\include\d3d11.h(917): warning C4005: “D3D11_ERROR_TOO_MANY_UNIQUE_STATE_OBJECTS”: 宏重定义
          c:\program files (x86)\windows kits\8.1\include\shared\winerror.h(50469) : 参见“D3D11_ERROR_TOO_MANY_UNIQUE_STATE_OBJECTS”的前一个定义
f:\microsoft directx sdk (june 2010)\include\d3d11.h(918): warning C4005: “D3D11_ERROR_FILE_NOT_FOUND”: 宏重定义
          c:\program files (x86)\windows kits\8.1\include\shared\winerror.h(50478) : 参见“D3D11_ERROR_FILE_NOT_FOUND”的前一个定义
f:\microsoft directx sdk (june 2010)\include\d3d11.h(919): warning C4005: “D3D11_ERROR_TOO_MANY_UNIQUE_VIEW_OBJECTS”: 宏重定义
          c:\program files (x86)\windows kits\8.1\include\shared\winerror.h(50488) : 参见“D3D11_ERROR_TOO_MANY_UNIQUE_VIEW_OBJECTS”的前一个定义
f:\microsoft directx sdk (june 2010)\include\d3d11.h(920): warning C4005: “D3D11_ERROR_DEFERRED_CONTEXT_MAP_WITHOUT_INITIAL_DISCARD”: 宏重定义
          c:\program files (x86)\windows kits\8.1\include\shared\winerror.h(50497) : 参见“D3D11_ERROR_DEFERRED_CONTEXT_MAP_WITHOUT_INITIAL_DISCARD”的前一个定义
f:\microsoft directx sdk (june 2010)\include\d3d10.h(608): warning C4005: “D3D10_ERROR_TOO_MANY_UNIQUE_STATE_OBJECTS”: 宏重定义
          c:\program files (x86)\windows kits\8.1\include\shared\winerror.h(50445) : 参见“D3D10_ERROR_TOO_MANY_UNIQUE_STATE_OBJECTS”的前一个定义
f:\microsoft directx sdk (june 2010)\include\d3d10.h(609): warning C4005: “D3D10_ERROR_FILE_NOT_FOUND”: 宏重定义
          c:\program files (x86)\windows kits\8.1\include\shared\winerror.h(50454) : 参见“D3D10_ERROR_FILE_NOT_FOUND”的前一个定义
  f:\microsoft directx sdk (june 2010)\include\dinput.h: DIRECTINPUT_VERSION undefined. Defaulting to version 0x0800
h:\dx学习\三维场景（修订版）_12_1\tutorial\main.cpp(109): warning C4305: “初始化”: 从“double”到“float”截断
h:\dx学习\三维场景（修订版）_12_1\tutorial\main.cpp(612): warning C4305: “-=”: 从“double”到“float”截断
h:\dx学习\三维场景（修订版）_12_1\tutorial\main.cpp(616): warning C4305: “+=”: 从“double”到“float”截断
h:\dx学习\三维场景（修订版）_12_1\tutorial\main.cpp(620): warning C4305: “-=”: 从“double”到“float”截断
h:\dx学习\三维场景（修订版）_12_1\tutorial\main.cpp(624): warning C4305: “+=”: 从“double”到“float”截断
h:\dx学习\三维场景（修订版）_12_1\tutorial\main.cpp(628): warning C4305: “+=”: 从“double”到“float”截断
h:\dx学习\三维场景（修订版）_12_1\tutorial\main.cpp(632): warning C4305: “-=”: 从“double”到“float”截断
h:\dx学习\三维场景（修订版）_12_1\tutorial\main.cpp(638): warning C4244: “=”: 从“double”转换到“float”，可能丢失数据
h:\dx学习\三维场景（修订版）_12_1\tutorial\main.cpp(643): warning C4244: “=”: 从“double”转换到“float”，可能丢失数据
h:\dx学习\三维场景（修订版）_12_1\tutorial\main.cpp(648): warning C4244: “=”: 从“double”转换到“float”，可能丢失数据
  LINK : 没有找到 H:\DX学习\三维场景（修订版）_12_1\Debug\tutorial.exe 或上一个增量链接没有生成它；正在执行完全链接
Debug\main.obj : fatal error LNK1112: 模块计算机类型“X86”与目标计算机类型“x64”冲突
